2018-05-23 08:40:29.198 [main] DEBUG com.imooc.o2o.dao.ShopDao.queryShopList - ==>  Preparing: SELECT s.shop_id, s.shop_name, s.shop_desc, s.shop_addr, s.phone, s.shop_img, s.priority, s.create_time, s.last_edit_time, s.enable_status, s.advice, a.area_id, a.area_name, sc.shop_category_id, sc.shop_category_name FROM tb_shop s, tb_area a, tb_shop_category sc WHERE s.owner_id = ? AND s.area_id=a.area_id AND s.shop_category_id = sc.shop_category_id ORDER BY s.priority DESC LIMIT ?,?; 
2018-05-23 08:40:29.224 [main] DEBUG com.imooc.o2o.dao.ShopDao.queryShopList - ==> Parameters: 1(Long), 1(Integer), 5(Integer)
2018-05-23 08:40:29.245 [main] DEBUG com.imooc.o2o.dao.ShopDao.queryShopList - <==      Total: 5
2018-05-23 08:40:29.269 [main] DEBUG com.imooc.o2o.dao.ShopDao.queryShopList - ==>  Preparing: SELECT s.shop_id, s.shop_name, s.shop_desc, s.shop_addr, s.phone, s.shop_img, s.priority, s.create_time, s.last_edit_time, s.enable_status, s.advice, a.area_id, a.area_name, sc.shop_category_id, sc.shop_category_name FROM tb_shop s, tb_area a, tb_shop_category sc WHERE s.shop_category_id = ? and s.owner_id = ? AND s.area_id=a.area_id AND s.shop_category_id = sc.shop_category_id ORDER BY s.priority DESC LIMIT ?,?; 
2018-05-23 08:40:29.270 [main] DEBUG com.imooc.o2o.dao.ShopDao.queryShopList - ==> Parameters: 10(Long), 1(Long), 0(Integer), 3(Integer)
2018-05-23 08:40:29.297 [main] DEBUG com.imooc.o2o.dao.ShopDao.queryShopList - <==      Total: 3
2018-05-23 08:40:29.300 [main] DEBUG com.imooc.o2o.dao.ShopDao.queryShopCount - ==>  Preparing: SELECT count(1) FROM tb_shop s, tb_area a, tb_shop_category sc WHERE s.shop_category_id = ? and s.owner_id = ? AND s.area_id=a.area_id AND s.shop_category_id = sc.shop_category_id 
2018-05-23 08:40:29.302 [main] DEBUG com.imooc.o2o.dao.ShopDao.queryShopCount - ==> Parameters: 10(Long), 1(Long)
2018-05-23 08:40:29.305 [main] DEBUG com.imooc.o2o.dao.ShopDao.queryShopCount - <==      Total: 1
2018-05-23 08:41:40.951 [main] DEBUG com.imooc.o2o.dao.ShopDao.queryShopList - ==>  Preparing: SELECT s.shop_id, s.shop_name, s.shop_desc, s.shop_addr, s.phone, s.shop_img, s.priority, s.create_time, s.last_edit_time, s.enable_status, s.advice, a.area_id, a.area_name, sc.shop_category_id, sc.shop_category_name FROM tb_shop s, tb_area a, tb_shop_category sc WHERE s.owner_id = ? AND s.area_id=a.area_id AND s.shop_category_id = sc.shop_category_id ORDER BY s.priority DESC LIMIT ?,?; 
2018-05-23 08:41:40.981 [main] DEBUG com.imooc.o2o.dao.ShopDao.queryShopList - ==> Parameters: 1(Long), 1(Integer), 5(Integer)
2018-05-23 08:41:41.009 [main] DEBUG com.imooc.o2o.dao.ShopDao.queryShopList - <==      Total: 5
2018-05-23 08:41:41.018 [main] DEBUG com.imooc.o2o.dao.ShopDao.queryShopList - ==>  Preparing: SELECT s.shop_id, s.shop_name, s.shop_desc, s.shop_addr, s.phone, s.shop_img, s.priority, s.create_time, s.last_edit_time, s.enable_status, s.advice, a.area_id, a.area_name, sc.shop_category_id, sc.shop_category_name FROM tb_shop s, tb_area a, tb_shop_category sc WHERE s.shop_category_id = ? and s.owner_id = ? AND s.area_id=a.area_id AND s.shop_category_id = sc.shop_category_id ORDER BY s.priority DESC LIMIT ?,?; 
2018-05-23 08:41:41.019 [main] DEBUG com.imooc.o2o.dao.ShopDao.queryShopList - ==> Parameters: 10(Long), 1(Long), 0(Integer), 3(Integer)
2018-05-23 08:41:41.025 [main] DEBUG com.imooc.o2o.dao.ShopDao.queryShopList - <==      Total: 3
2018-05-23 08:41:41.027 [main] DEBUG com.imooc.o2o.dao.ShopDao.queryShopCount - ==>  Preparing: SELECT count(1) FROM tb_shop s, tb_area a, tb_shop_category sc WHERE s.shop_category_id = ? and s.owner_id = ? AND s.area_id=a.area_id AND s.shop_category_id = sc.shop_category_id 
2018-05-23 08:41:41.028 [main] DEBUG com.imooc.o2o.dao.ShopDao.queryShopCount - ==> Parameters: 10(Long), 1(Long)
2018-05-23 08:41:41.030 [main] DEBUG com.imooc.o2o.dao.ShopDao.queryShopCount - <==      Total: 1
2018-05-23 08:42:36.440 [main] DEBUG com.imooc.o2o.dao.ShopDao.queryShopList - ==>  Preparing: SELECT s.shop_id, s.shop_name, s.shop_desc, s.shop_addr, s.phone, s.shop_img, s.priority, s.create_time, s.last_edit_time, s.enable_status, s.advice, a.area_id, a.area_name, sc.shop_category_id, sc.shop_category_name FROM tb_shop s, tb_area a, tb_shop_category sc WHERE s.owner_id = ? AND s.area_id=a.area_id AND s.shop_category_id = sc.shop_category_id ORDER BY s.priority DESC LIMIT ?,?; 
2018-05-23 08:42:36.472 [main] DEBUG com.imooc.o2o.dao.ShopDao.queryShopList - ==> Parameters: 1(Long), 1(Integer), 14(Integer)
2018-05-23 08:42:36.496 [main] DEBUG com.imooc.o2o.dao.ShopDao.queryShopList - <==      Total: 13
2018-05-23 08:42:36.503 [main] DEBUG com.imooc.o2o.dao.ShopDao.queryShopList - ==>  Preparing: SELECT s.shop_id, s.shop_name, s.shop_desc, s.shop_addr, s.phone, s.shop_img, s.priority, s.create_time, s.last_edit_time, s.enable_status, s.advice, a.area_id, a.area_name, sc.shop_category_id, sc.shop_category_name FROM tb_shop s, tb_area a, tb_shop_category sc WHERE s.shop_category_id = ? and s.owner_id = ? AND s.area_id=a.area_id AND s.shop_category_id = sc.shop_category_id ORDER BY s.priority DESC LIMIT ?,?; 
2018-05-23 08:42:36.503 [main] DEBUG com.imooc.o2o.dao.ShopDao.queryShopList - ==> Parameters: 10(Long), 1(Long), 0(Integer), 3(Integer)
2018-05-23 08:42:36.510 [main] DEBUG com.imooc.o2o.dao.ShopDao.queryShopList - <==      Total: 3
2018-05-23 08:42:36.511 [main] DEBUG com.imooc.o2o.dao.ShopDao.queryShopCount - ==>  Preparing: SELECT count(1) FROM tb_shop s, tb_area a, tb_shop_category sc WHERE s.shop_category_id = ? and s.owner_id = ? AND s.area_id=a.area_id AND s.shop_category_id = sc.shop_category_id 
2018-05-23 08:42:36.511 [main] DEBUG com.imooc.o2o.dao.ShopDao.queryShopCount - ==> Parameters: 10(Long), 1(Long)
2018-05-23 08:42:36.512 [main] DEBUG com.imooc.o2o.dao.ShopDao.queryShopCount - <==      Total: 1
2018-05-23 08:44:23.533 [main] DEBUG com.imooc.o2o.dao.ShopDao.queryShopList - ==>  Preparing: SELECT s.shop_id, s.shop_name, s.shop_desc, s.shop_addr, s.phone, s.shop_img, s.priority, s.create_time, s.last_edit_time, s.enable_status, s.advice, a.area_id, a.area_name, sc.shop_category_id, sc.shop_category_name FROM tb_shop s, tb_area a, tb_shop_category sc WHERE s.owner_id = ? AND s.area_id=a.area_id AND s.shop_category_id = sc.shop_category_id ORDER BY s.priority DESC LIMIT ?,?; 
2018-05-23 08:44:23.570 [main] DEBUG com.imooc.o2o.dao.ShopDao.queryShopList - ==> Parameters: 1(Long), 1(Integer), 14(Integer)
2018-05-23 08:44:23.594 [main] DEBUG com.imooc.o2o.dao.ShopDao.queryShopList - <==      Total: 13
2018-05-23 08:44:40.881 [main] DEBUG com.imooc.o2o.dao.ShopDao.queryShopList - ==>  Preparing: SELECT s.shop_id, s.shop_name, s.shop_desc, s.shop_addr, s.phone, s.shop_img, s.priority, s.create_time, s.last_edit_time, s.enable_status, s.advice, a.area_id, a.area_name, sc.shop_category_id, sc.shop_category_name FROM tb_shop s, tb_area a, tb_shop_category sc WHERE s.owner_id = ? AND s.area_id=a.area_id AND s.shop_category_id = sc.shop_category_id ORDER BY s.priority DESC LIMIT ?,?; 
2018-05-23 08:44:40.915 [main] DEBUG com.imooc.o2o.dao.ShopDao.queryShopList - ==> Parameters: 1(Long), 0(Integer), 14(Integer)
2018-05-23 08:44:40.940 [main] DEBUG com.imooc.o2o.dao.ShopDao.queryShopList - <==      Total: 14
2018-05-23 08:44:59.183 [main] DEBUG com.imooc.o2o.dao.ShopDao.queryShopList - ==>  Preparing: SELECT s.shop_id, s.shop_name, s.shop_desc, s.shop_addr, s.phone, s.shop_img, s.priority, s.create_time, s.last_edit_time, s.enable_status, s.advice, a.area_id, a.area_name, sc.shop_category_id, sc.shop_category_name FROM tb_shop s, tb_area a, tb_shop_category sc WHERE s.owner_id = ? AND s.area_id=a.area_id AND s.shop_category_id = sc.shop_category_id ORDER BY s.priority DESC LIMIT ?,?; 
2018-05-23 08:44:59.249 [main] DEBUG com.imooc.o2o.dao.ShopDao.queryShopList - ==> Parameters: 1(Long), 0(Integer), 5(Integer)
2018-05-23 08:44:59.275 [main] DEBUG com.imooc.o2o.dao.ShopDao.queryShopList - <==      Total: 5
2018-05-23 09:00:35.929 [main] DEBUG com.imooc.o2o.dao.ShopDao.queryShopList - ==>  Preparing: SELECT s.shop_id, s.shop_name, s.shop_desc, s.shop_addr, s.phone, s.shop_img, s.priority, s.create_time, s.last_edit_time, s.enable_status, s.advice, a.area_id, a.area_name, sc.shop_category_id, sc.shop_category_name FROM tb_shop s, tb_area a, tb_shop_category sc WHERE s.area_id=a.area_id AND s.shop_category_id = sc.shop_category_id ORDER BY s.priority DESC LIMIT ?,?; 
2018-05-23 09:00:36.342 [main] DEBUG com.imooc.o2o.dao.ShopDao.queryShopList - ==> Parameters: 0(Integer), 5(Integer)
2018-05-23 09:00:36.369 [main] DEBUG com.imooc.o2o.dao.ShopDao.queryShopList - <==      Total: 5
2018-05-23 09:01:16.091 [main] DEBUG com.imooc.o2o.dao.ShopDao.queryShopList - ==>  Preparing: SELECT s.shop_id, s.shop_name, s.shop_desc, s.shop_addr, s.phone, s.shop_img, s.priority, s.create_time, s.last_edit_time, s.enable_status, s.advice, a.area_id, a.area_name, sc.shop_category_id, sc.shop_category_name FROM tb_shop s, tb_area a, tb_shop_category sc WHERE s.area_id=a.area_id AND s.shop_category_id = sc.shop_category_id ORDER BY s.priority DESC LIMIT ?,?; 
2018-05-23 09:01:16.121 [main] DEBUG com.imooc.o2o.dao.ShopDao.queryShopList - ==> Parameters: 0(Integer), 14(Integer)
2018-05-23 09:01:16.144 [main] DEBUG com.imooc.o2o.dao.ShopDao.queryShopList - <==      Total: 14
2018-05-23 09:01:34.426 [main] DEBUG com.imooc.o2o.dao.ShopDao.queryShopList - ==>  Preparing: SELECT s.shop_id, s.shop_name, s.shop_desc, s.shop_addr, s.phone, s.shop_img, s.priority, s.create_time, s.last_edit_time, s.enable_status, s.advice, a.area_id, a.area_name, sc.shop_category_id, sc.shop_category_name FROM tb_shop s, tb_area a, tb_shop_category sc WHERE s.area_id=a.area_id AND s.shop_category_id = sc.shop_category_id ORDER BY s.priority DESC LIMIT ?,?; 
2018-05-23 09:01:34.455 [main] DEBUG com.imooc.o2o.dao.ShopDao.queryShopList - ==> Parameters: 0(Integer), 14(Integer)
2018-05-23 09:01:34.479 [main] DEBUG com.imooc.o2o.dao.ShopDao.queryShopList - <==      Total: 14
2018-05-23 09:02:56.068 [main] DEBUG com.imooc.o2o.dao.ShopDao.queryShopList - ==>  Preparing: SELECT s.shop_id, s.shop_name, s.shop_desc, s.shop_addr, s.phone, s.shop_img, s.priority, s.create_time, s.last_edit_time, s.enable_status, s.advice, a.area_id, a.area_name, sc.shop_category_id, sc.shop_category_name FROM tb_shop s, tb_area a, tb_shop_category sc WHERE s.area_id=a.area_id AND s.shop_category_id = sc.shop_category_id ORDER BY s.priority DESC LIMIT ?,?; 
2018-05-23 09:02:56.098 [main] DEBUG com.imooc.o2o.dao.ShopDao.queryShopList - ==> Parameters: 0(Integer), 14(Integer)
2018-05-23 09:02:56.215 [main] DEBUG com.imooc.o2o.dao.ShopDao.queryShopList - <==      Total: 14
2018-05-23 09:05:08.395 [main] DEBUG com.imooc.o2o.dao.ShopDao.queryShopList - ==>  Preparing: SELECT s.shop_id, s.shop_name, s.shop_desc, s.shop_addr, s.phone, s.shop_img, s.priority, s.create_time, s.last_edit_time, s.enable_status, s.advice, a.area_id, a.area_name, sc.shop_category_id, sc.shop_category_name FROM tb_shop s, tb_area a, tb_shop_category sc WHERE s.shop_category_id in (select shop_category_id from tb_shop_category WHERE parent_id = ?) AND s.area_id=a.area_id AND s.shop_category_id = sc.shop_category_id ORDER BY s.priority DESC LIMIT ?,?; 
2018-05-23 09:05:08.421 [main] DEBUG com.imooc.o2o.dao.ShopDao.queryShopList - ==> Parameters: 1(Long), 0(Integer), 14(Integer)
2018-05-23 09:05:08.443 [main] DEBUG com.imooc.o2o.dao.ShopDao.queryShopList - <==      Total: 11
2018-05-23 09:07:19.895 [main] DEBUG com.imooc.o2o.dao.ShopDao.queryShopList - ==>  Preparing: SELECT s.shop_id, s.shop_name, s.shop_desc, s.shop_addr, s.phone, s.shop_img, s.priority, s.create_time, s.last_edit_time, s.enable_status, s.advice, a.area_id, a.area_name, sc.shop_category_id, sc.shop_category_name FROM tb_shop s, tb_area a, tb_shop_category sc WHERE s.shop_category_id in (select shop_category_id from tb_shop_category WHERE parent_id = ?) AND s.area_id=a.area_id AND s.shop_category_id = sc.shop_category_id ORDER BY s.priority DESC LIMIT ?,?; 
2018-05-23 09:07:19.928 [main] DEBUG com.imooc.o2o.dao.ShopDao.queryShopList - ==> Parameters: 1(Long), 0(Integer), 5(Integer)
2018-05-23 09:07:20.059 [main] DEBUG com.imooc.o2o.dao.ShopDao.queryShopList - <==      Total: 5
